D:\DOCUMENTS AND SETTINGS\HAHNPV\DESKTOP\DSFTOOLKIT\RELEASE\SIMULATION.EXE
D:\DOCUMENTS AND SETTINGS\HAHNPV\DESKTOP\DSFTOOLKIT\RELEASE\SIMULATION.PDB
D:\DOCUMENTS AND SETTINGS\HAHNPV\DESKTOP\DSFTOOLKIT\SIMULATION\RELEASE\AEROBASE.OBJ
D:\DOCUMENTS AND SETTINGS\HAHNPV\DESKTOP\DSFTOOLKIT\SIMULATION\RELEASE\ATMOSBASE.OBJ
D:\DOCUMENTS AND SETTINGS\HAHNPV\DESKTOP\DSFTOOLKIT\SIMULATION\RELEASE\ATMOSPHERE.OBJ
D:\Documents and Settings\hahnpv\Desktop\DSFToolkit\simulation\Release\cl.command.1.tlog
D:\Documents and Settings\hahnpv\Desktop\DSFToolkit\simulation\Release\CL.read.1.tlog
D:\Documents and Settings\hahnpv\Desktop\DSFToolkit\simulation\Release\CL.write.1.tlog
D:\DOCUMENTS AND SETTINGS\HAHNPV\DESKTOP\DSFTOOLKIT\SIMULATION\RELEASE\EARTHBASE.OBJ
D:\DOCUMENTS AND SETTINGS\HAHNPV\DESKTOP\DSFTOOLKIT\SIMULATION\RELEASE\FLATEARTH.OBJ
D:\DOCUMENTS AND SETTINGS\HAHNPV\DESKTOP\DSFTOOLKIT\SIMULATION\RELEASE\LINEAR.OBJ
D:\Documents and Settings\hahnpv\Desktop\DSFToolkit\simulation\Release\link.command.1.tlog
D:\Documents and Settings\hahnpv\Desktop\DSFToolkit\simulation\Release\link.read.1.tlog
D:\Documents and Settings\hahnpv\Desktop\DSFToolkit\simulation\Release\link.write.1.tlog
D:\DOCUMENTS AND SETTINGS\HAHNPV\DESKTOP\DSFTOOLKIT\SIMULATION\RELEASE\MAIN.OBJ
D:\DOCUMENTS AND SETTINGS\HAHNPV\DESKTOP\DSFTOOLKIT\SIMULATION\RELEASE\MASS.OBJ
D:\DOCUMENTS AND SETTINGS\HAHNPV\DESKTOP\DSFTOOLKIT\SIMULATION\RELEASE\MASSBASE.OBJ
D:\DOCUMENTS AND SETTINGS\HAHNPV\DESKTOP\DSFTOOLKIT\SIMULATION\RELEASE\MISSILEAERO.OBJ
D:\DOCUMENTS AND SETTINGS\HAHNPV\DESKTOP\DSFTOOLKIT\SIMULATION\RELEASE\MISSILEFIN.OBJ
D:\Documents and Settings\hahnpv\Desktop\DSFToolkit\simulation\Release\mt.command.1.tlog
D:\Documents and Settings\hahnpv\Desktop\DSFToolkit\simulation\Release\mt.read.1.tlog
D:\Documents and Settings\hahnpv\Desktop\DSFToolkit\simulation\Release\mt.write.1.tlog
D:\DOCUMENTS AND SETTINGS\HAHNPV\DESKTOP\DSFTOOLKIT\SIMULATION\RELEASE\OBLATEEARTH.OBJ
D:\DOCUMENTS AND SETTINGS\HAHNPV\DESKTOP\DSFTOOLKIT\SIMULATION\RELEASE\PROPBASE.OBJ
D:\DOCUMENTS AND SETTINGS\HAHNPV\DESKTOP\DSFTOOLKIT\SIMULATION\RELEASE\REENTRYAERO.OBJ
D:\DOCUMENTS AND SETTINGS\HAHNPV\DESKTOP\DSFTOOLKIT\SIMULATION\RELEASE\ROCKETPROP.OBJ
D:\DOCUMENTS AND SETTINGS\HAHNPV\DESKTOP\DSFTOOLKIT\SIMULATION\RELEASE\SCRIPTEDTARGET.OBJ
D:\DOCUMENTS AND SETTINGS\HAHNPV\DESKTOP\DSFTOOLKIT\SIMULATION\RELEASE\SIMPLEGUIDANCE.OBJ
D:\Documents and Settings\hahnpv\Desktop\DSFToolkit\simulation\Release\simulation.exe.intermediate.manifest
D:\Documents and Settings\hahnpv\Desktop\DSFToolkit\simulation\Release\simulation.write.1.tlog
D:\DOCUMENTS AND SETTINGS\HAHNPV\DESKTOP\DSFTOOLKIT\SIMULATION\RELEASE\SQUIB.OBJ
D:\DOCUMENTS AND SETTINGS\HAHNPV\DESKTOP\DSFTOOLKIT\SIMULATION\RELEASE\STAGE_MASS.OBJ
D:\DOCUMENTS AND SETTINGS\HAHNPV\DESKTOP\DSFTOOLKIT\SIMULATION\RELEASE\VC100.PDB
D:\DOCUMENTS AND SETTINGS\HAHNPV\DESKTOP\DSFTOOLKIT\SIMULATION\RELEASE\VEHICLE.OBJ
D:\DOCUMENTS AND SETTINGS\HAHNPV\DESKTOP\DSFTOOLKIT\SIMULATION\RELEASE\WGS84.OBJ
